puzzle/build/intermediates/manifest_merge_blame_file/debug/manifest-merger-blame-debug-report.txt
1<?xml version="1.0" encoding="utf-8"?>
2<manifest xmlns:android="http://schemas.android.com/apk/res/android"
3    package="com.nav.gamepack"
4    android:versionCode="1"
5    android:versionName="1.0" >
6
7    <uses-sdk android:minSdkVersion="24" />
7-->src\main\AndroidManifest.xml
8
9    <application
9-->src\main\AndroidManifest.xml:7:5-21:19
10        android:icon="@drawable/icon"
10-->src\main\AndroidManifest.xml:8:9-38
11        android:label="@string/app_name" >
11-->src\main\AndroidManifest.xml:9:9-41
12        <activity
12-->src\main\AndroidManifest.xml:10:9-19:20
13            android:name="com.nav.gamepack.GamePackActivity"
13-->src\main\AndroidManifest.xml:11:13-45
14            android:exported="true"
14-->src\main\AndroidManifest.xml:14:13-36
15            android:label="@string/app_name"
15-->src\main\AndroidManifest.xml:12:13-45
16            android:screenOrientation="portrait" >
16-->src\main\AndroidManifest.xml:13:13-49
17
18            <!-- <intent-filter> -->
19            <!-- <action android:name="android.intent.action.MAIN" /> -->
20            <!-- <category android:name="android.intent.category.LAUNCHER" /> -->
21            <!-- </intent-filter> -->
22        </activity>
23    </application>
24
25</manifest>